<?xml version="1.0" encoding="UTF-8"?>
<testng-results skipped="0" failed="0" total="1" passed="1">
  <reporter-output>
  </reporter-output>
  <suite name="Default suite" duration-ms="44620" started-at="2022-04-12T17:05:23Z" finished-at="2022-04-12T17:06:08Z">
    <groups>
    </groups>
    <test name="Default test" duration-ms="44620" started-at="2022-04-12T17:05:23Z" finished-at="2022-04-12T17:06:08Z">
      <class name="com.EduPoLy.test.LoginUsingSelenium">
        <test-method status="PASS" signature="login()[pri:0, instance:com.EduPoLy.test.LoginUsingSelenium@28feb3fa]" name="login" duration-ms="44606" started-at="2022-04-13T00:05:23Z" finished-at="2022-04-13T00:06:08Z">
          <reporter-output>
          </reporter-output>
        </test-method> <!-- login -->
      </class> <!-- com.EduPoLy.test.LoginUsingSelenium -->
    </test> <!-- Default test -->
  </suite> <!-- Default suite -->
</testng-results>
